[00:17:24] [Server thread/WARN]: Mismatch in destroy block pos: gh{x=5, y=80, z=-110} gh{x=4, y=79, z=-109}
[00:26:07] [Server thread/INFO]: MunchieMauch has made the advancement [Acquire Hardware]
[00:59:34] [Server thread/WARN]: Can't keep up! Is the server overloaded? Running 2078ms or 41 ticks behind
[00:59:44] [User Authenticator #2/INFO]: UUID of player YomenT is 25430153-d669-4851-8b45-e61cb63c4f34
[00:59:44] [Server thread/INFO]: YomenT[/127.0.0.1:49396] logged in with entity id 17857 at (42.5, 64.0, -54.5)
[00:59:44] [Server thread/INFO]: YomenT joined the game
[01:01:18] [Server thread/INFO]: <MunchieMauch> are u at spawn?
[01:03:14] [Server thread/INFO]: <YomenT> Hello
[01:03:18] [Server thread/INFO]: <MunchieMauch> hii
[01:03:32] [Server thread/INFO]: <MunchieMauch> ouch
[01:03:43] [Server thread/INFO]: <YomenT> This house is a lot nicer than I would have built it hahaha.
[01:03:53] [Server thread/INFO]: <YomenT> Oh shoot. There's a village nearby!
[01:03:55] [Server thread/INFO]: <MunchieMauch> u give off dirt house vibes
[01:03:59] [Server thread/INFO]: <MunchieMauch> i know
[01:04:05] [Server thread/INFO]: <YomenT> They have resources some times and farms.
[01:04:07] [Server thread/INFO]: <MunchieMauch> ive seen a bunch of cats
[01:04:14] [Server thread/INFO]: <MunchieMauch> if we can get some fish
[01:04:17] [Server thread/INFO]: <YomenT> In survival mode, I'm not the best at making houses.
[01:04:18] [Server thread/INFO]: <MunchieMauch> we'll have a cat
[01:04:43] [Server thread/INFO]: <MunchieMauch> come sleep
[01:04:51] [Server thread/INFO]: YomenT has made the advancement [Sweet Dreams]
[01:05:06] [Server thread/INFO]: <MunchieMauch> be careful
[01:05:10] [Server thread/INFO]: <MunchieMauch> the llamas spit
[01:06:04] [Server thread/INFO]: <MunchieMauch> kitty
[01:06:19] [Server thread/INFO]: <YomenT> Awwww
[01:06:36] [Server thread/INFO]: <YomenT> Why don't we just move into one of the villager's homes XD
[01:06:44] [Server thread/INFO]: <MunchieMauch> idk
[01:06:50] [Server thread/INFO]: <MunchieMauch> its just not up to my standards
[01:06:56] [Server thread/INFO]: <MunchieMauch> but i've seen ur standards..
[01:07:19] [Server thread/INFO]: YomenT has made the advancement [Stone Age]
[01:08:17] [Server thread/INFO]: <YomenT> What's the deal on food?
[01:08:24] [Server thread/INFO]: <MunchieMauch> um
[01:08:32] [Server thread/INFO]: <MunchieMauch> there are a bunch of farm animals around..
[01:08:38] [Server thread/INFO]: <MunchieMauch> unless ur one of those vegans
[01:08:44] [Server thread/INFO]: <YomenT> Hehehehe
[01:09:29] [Server thread/INFO]: <YomenT> I'm going to go attend to the village farms.
[01:09:36] [Server thread/INFO]: <MunchieMauch> that's a good idea
[01:09:45] [Server thread/INFO]: <MunchieMauch> we can eventually migrate them over here
[01:09:51] [Server thread/INFO]: <MunchieMauch> and build a path over here
[01:10:19] [Server thread/INFO]: YomenT has made the advancement [A Seedy Place]
[01:12:26] [Server thread/INFO]: <YomenT> Remember, friendly fire is on XD
[01:12:30] [Server thread/INFO]: <MunchieMauch> thank u
[01:12:46] [Server thread/INFO]: <YomenT> Do you remember how to make bread?
[01:12:52] [Server thread/INFO]: <MunchieMauch> just wheat
[01:12:57] [Server thread/INFO]: YomenT has made the advancement [Monster Hunter]
[01:13:10] [Server thread/INFO]: <MunchieMauch> i think the grass sometimes gives wheat
[01:13:16] [Server thread/INFO]: <MunchieMauch> i think 3 wheat
[01:13:35] [Server thread/INFO]: <YomenT> Aha got it
[01:13:45] [Server thread/INFO]: YomenT has made the advancement [Acquire Hardware]
[01:14:38] [Server thread/INFO]: <YomenT> I'm going to make another farm
[01:14:51] [Server thread/INFO]: <MunchieMauch> ok farmer yomen
[01:15:02] [Server thread/INFO]: <MunchieMauch> i want a hamburger plz
[01:15:09] [Server thread/INFO]: <MunchieMauch> since im building this house
[01:15:12] [Server thread/INFO]: <YomenT> Sustainable living
[01:17:14] [Server thread/INFO]: <MunchieMauch> do u need food?
[01:17:21] [Server thread/INFO]: <YomenT> I got some bread
[01:17:25] [Server thread/INFO]: <MunchieMauch> perfect
[01:24:06] [Server thread/INFO]: <MunchieMauch> there is cooked mutton in one of the furnaces for u
[01:24:35] [Server thread/INFO]: <YomenT> Gotcha thanks
[01:35:15] [Server thread/INFO]: YomenT has made the advancement [Getting an Upgrade]
[01:40:36] [Server thread/INFO]: <YomenT> Alright I have got to get some sleep.
[01:40:39] [Server thread/INFO]: <MunchieMauch> same
[01:40:46] [Server thread/INFO]: <MunchieMauch> gn
[01:40:47] [Server thread/INFO]: MunchieMauch lost connection: Disconnected
[01:40:47] [Server thread/INFO]: MunchieMauch left the game
[01:41:01] [Server thread/INFO]: YomenT lost connection: Disconnected
[01:41:01] [Server thread/INFO]: YomenT left the game
